[0.652s] Invoking command in '/home/shirakawa/mypkg_2023/mypkg': PYTHONPATH=/home/shirakawa/mypkg_2023/build/mypkg/prefix_override:/home/shirakawa/mypkg_2023/install/mypkg/lib/python3.10/site-packages:${PYTHONPATH} /usr/bin/python3 setup.py egg_info --egg-base ../build/mypkg build --build-base /home/shirakawa/mypkg_2023/build/mypkg/build install --record /home/shirakawa/mypkg_2023/build/mypkg/install.log --single-version-externally-managed
[0.834s] running egg_info
[0.834s] writing ../build/mypkg/mypkg.egg-info/PKG-INFO
[0.835s] writing dependency_links to ../build/mypkg/mypkg.egg-info/dependency_links.txt
[0.835s] writing entry points to ../build/mypkg/mypkg.egg-info/entry_points.txt
[0.835s] writing requirements to ../build/mypkg/mypkg.egg-info/requires.txt
[0.835s] writing top-level names to ../build/mypkg/mypkg.egg-info/top_level.txt
[0.837s] reading manifest file '../build/mypkg/mypkg.egg-info/SOURCES.txt'
[0.838s] writing manifest file '../build/mypkg/mypkg.egg-info/SOURCES.txt'
[0.838s] running build
[0.838s] running build_py
[0.838s] copying mypkg/listener.py -> /home/shirakawa/mypkg_2023/build/mypkg/build/lib/mypkg
[0.839s] copying mypkg/talker.py -> /home/shirakawa/mypkg_2023/build/mypkg/build/lib/mypkg
[0.839s] /usr/lib/python3/dist-packages/setuptools/command/install.py:34: SetuptoolsDeprecationWarning: setup.py install is deprecated. Use build and pip and other standards-based tools.
[0.839s]   warnings.warn(
[0.839s] running install
[0.839s] running install_lib
[0.840s] copying /home/shirakawa/mypkg_2023/build/mypkg/build/lib/mypkg/listener.py -> /home/shirakawa/mypkg_2023/install/mypkg/lib/python3.10/site-packages/mypkg
[0.840s] copying /home/shirakawa/mypkg_2023/build/mypkg/build/lib/mypkg/talker.py -> /home/shirakawa/mypkg_2023/install/mypkg/lib/python3.10/site-packages/mypkg
[0.841s] byte-compiling /home/shirakawa/mypkg_2023/install/mypkg/lib/python3.10/site-packages/mypkg/listener.py to listener.cpython-310.pyc
[0.841s] Sorry: IndentationError: unexpected indent (listener.py, line 10)
[0.841s] byte-compiling /home/shirakawa/mypkg_2023/install/mypkg/lib/python3.10/site-packages/mypkg/talker.py to talker.cpython-310.pyc
[0.842s] running install_data
[0.842s] copying package.xml -> /home/shirakawa/mypkg_2023/install/mypkg/share/mypkg
[0.842s] copying launch/talk_listen.launch.py -> /home/shirakawa/mypkg_2023/install/mypkg/share/mypkg
[0.842s] running install_egg_info
[0.844s] removing '/home/shirakawa/mypkg_2023/install/mypkg/lib/python3.10/site-packages/mypkg-0.0.0-py3.10.egg-info' (and everything under it)
[0.845s] Copying ../build/mypkg/mypkg.egg-info to /home/shirakawa/mypkg_2023/install/mypkg/lib/python3.10/site-packages/mypkg-0.0.0-py3.10.egg-info
[0.846s] running install_scripts
[0.863s] Installing listener script to /home/shirakawa/mypkg_2023/install/mypkg/lib/mypkg
[0.863s] Installing talker script to /home/shirakawa/mypkg_2023/install/mypkg/lib/mypkg
[0.863s] writing list of installed files to '/home/shirakawa/mypkg_2023/build/mypkg/install.log'
[0.888s] Invoked command in '/home/shirakawa/mypkg_2023/mypkg' returned '0': PYTHONPATH=/home/shirakawa/mypkg_2023/build/mypkg/prefix_override:/home/shirakawa/mypkg_2023/install/mypkg/lib/python3.10/site-packages:${PYTHONPATH} /usr/bin/python3 setup.py egg_info --egg-base ../build/mypkg build --build-base /home/shirakawa/mypkg_2023/build/mypkg/build install --record /home/shirakawa/mypkg_2023/build/mypkg/install.log --single-version-externally-managed
