[0.657s] Invoking command in '/home/shirakawa/mypkg_2023/mypkg': PYTHONPATH=/home/shirakawa/mypkg_2023/build/mypkg/prefix_override:/home/shirakawa/mypkg_2023/install/mypkg/lib/python3.10/site-packages:${PYTHONPATH} /usr/bin/python3 setup.py egg_info --egg-base ../build/mypkg build --build-base /home/shirakawa/mypkg_2023/build/mypkg/build install --record /home/shirakawa/mypkg_2023/build/mypkg/install.log --single-version-externally-managed
[0.865s] running egg_info
[0.865s] creating ../build/mypkg/mypkg.egg-info
[0.865s] writing ../build/mypkg/mypkg.egg-info/PKG-INFO
[0.866s] writing dependency_links to ../build/mypkg/mypkg.egg-info/dependency_links.txt
[0.866s] writing entry points to ../build/mypkg/mypkg.egg-info/entry_points.txt
[0.866s] writing requirements to ../build/mypkg/mypkg.egg-info/requires.txt
[0.866s] writing top-level names to ../build/mypkg/mypkg.egg-info/top_level.txt
[0.867s] writing manifest file '../build/mypkg/mypkg.egg-info/SOURCES.txt'
[0.868s] reading manifest file '../build/mypkg/mypkg.egg-info/SOURCES.txt'
[0.869s] writing manifest file '../build/mypkg/mypkg.egg-info/SOURCES.txt'
[0.869s] running build
[0.869s] running build_py
[0.869s] creating /home/shirakawa/mypkg_2023/build/mypkg/build
[0.870s] creating /home/shirakawa/mypkg_2023/build/mypkg/build/lib
[0.870s] creating /home/shirakawa/mypkg_2023/build/mypkg/build/lib/mypkg
[0.870s] copying mypkg/__init__.py -> /home/shirakawa/mypkg_2023/build/mypkg/build/lib/mypkg
[0.870s] running install
[0.871s] /usr/lib/python3/dist-packages/setuptools/command/install.py:34: SetuptoolsDeprecationWarning: setup.py install is deprecated. Use build and pip and other standards-based tools.
[0.871s]   warnings.warn(
[0.871s] running install_lib
[0.872s] creating /home/shirakawa/mypkg_2023/install/mypkg/lib/python3.10/site-packages/mypkg
[0.872s] copying /home/shirakawa/mypkg_2023/build/mypkg/build/lib/mypkg/__init__.py -> /home/shirakawa/mypkg_2023/install/mypkg/lib/python3.10/site-packages/mypkg
[0.873s] byte-compiling /home/shirakawa/mypkg_2023/install/mypkg/lib/python3.10/site-packages/mypkg/__init__.py to __init__.cpython-310.pyc
[0.873s] running install_data
[0.874s] creating /home/shirakawa/mypkg_2023/install/mypkg/share/ament_index
[0.874s] creating /home/shirakawa/mypkg_2023/install/mypkg/share/ament_index/resource_index
[0.874s] creating /home/shirakawa/mypkg_2023/install/mypkg/share/ament_index/resource_index/packages
[0.875s] copying resource/mypkg -> /home/shirakawa/mypkg_2023/install/mypkg/share/ament_index/resource_index/packages
[0.875s] copying package.xml -> /home/shirakawa/mypkg_2023/install/mypkg/share/mypkg
[0.875s] running install_egg_info
[0.876s] Copying ../build/mypkg/mypkg.egg-info to /home/shirakawa/mypkg_2023/install/mypkg/lib/python3.10/site-packages/mypkg-0.0.0-py3.10.egg-info
[0.877s] running install_scripts
[0.895s] Installing listener script to /home/shirakawa/mypkg_2023/install/mypkg/lib/mypkg
[0.895s] Installing talker script to /home/shirakawa/mypkg_2023/install/mypkg/lib/mypkg
[0.896s] writing list of installed files to '/home/shirakawa/mypkg_2023/build/mypkg/install.log'
[0.921s] Invoked command in '/home/shirakawa/mypkg_2023/mypkg' returned '0': PYTHONPATH=/home/shirakawa/mypkg_2023/build/mypkg/prefix_override:/home/shirakawa/mypkg_2023/install/mypkg/lib/python3.10/site-packages:${PYTHONPATH} /usr/bin/python3 setup.py egg_info --egg-base ../build/mypkg build --build-base /home/shirakawa/mypkg_2023/build/mypkg/build install --record /home/shirakawa/mypkg_2023/build/mypkg/install.log --single-version-externally-managed
