[0.861s] Invoking command in '/home/shirakawa/mypkg_2023/mypkg': PYTHONPATH=/home/shirakawa/mypkg_2023/build/mypkg/prefix_override:/home/shirakawa/mypkg_2023/install/mypkg/lib/python3.10/site-packages:${PYTHONPATH} /usr/bin/python3 setup.py egg_info --egg-base ../build/mypkg build --build-base /home/shirakawa/mypkg_2023/build/mypkg/build install --record /home/shirakawa/mypkg_2023/build/mypkg/install.log --single-version-externally-managed
[1.057s] running egg_info
[1.057s] writing ../build/mypkg/mypkg.egg-info/PKG-INFO
[1.062s] writing dependency_links to ../build/mypkg/mypkg.egg-info/dependency_links.txt
[1.063s] writing entry points to ../build/mypkg/mypkg.egg-info/entry_points.txt
[1.063s] writing requirements to ../build/mypkg/mypkg.egg-info/requires.txt
[1.063s] writing top-level names to ../build/mypkg/mypkg.egg-info/top_level.txt
[1.064s] reading manifest file '../build/mypkg/mypkg.egg-info/SOURCES.txt'
[1.066s] writing manifest file '../build/mypkg/mypkg.egg-info/SOURCES.txt'
[1.066s] running build
[1.066s] running build_py
[1.068s] copying mypkg/talker.py -> /home/shirakawa/mypkg_2023/build/mypkg/build/lib/mypkg
[1.068s] running install
[1.069s] /usr/lib/python3/dist-packages/setuptools/command/install.py:34: SetuptoolsDeprecationWarning: setup.py install is deprecated. Use build and pip and other standards-based tools.
[1.069s]   warnings.warn(
[1.069s] running install_lib
[1.071s] copying /home/shirakawa/mypkg_2023/build/mypkg/build/lib/mypkg/talker.py -> /home/shirakawa/mypkg_2023/install/mypkg/lib/python3.10/site-packages/mypkg
[1.072s] byte-compiling /home/shirakawa/mypkg_2023/install/mypkg/lib/python3.10/site-packages/mypkg/talker.py to talker.cpython-310.pyc
[1.072s] running install_data
[1.073s] copying package.xml -> /home/shirakawa/mypkg_2023/install/mypkg/share/mypkg
[1.074s] running install_egg_info
[1.076s] removing '/home/shirakawa/mypkg_2023/install/mypkg/lib/python3.10/site-packages/mypkg-0.0.0-py3.10.egg-info' (and everything under it)
[1.076s] Copying ../build/mypkg/mypkg.egg-info to /home/shirakawa/mypkg_2023/install/mypkg/lib/python3.10/site-packages/mypkg-0.0.0-py3.10.egg-info
[1.078s] running install_scripts
[1.100s] Installing listener script to /home/shirakawa/mypkg_2023/install/mypkg/lib/mypkg
[1.101s] Installing talker script to /home/shirakawa/mypkg_2023/install/mypkg/lib/mypkg
[1.101s] writing list of installed files to '/home/shirakawa/mypkg_2023/build/mypkg/install.log'
[1.135s] Invoked command in '/home/shirakawa/mypkg_2023/mypkg' returned '0': PYTHONPATH=/home/shirakawa/mypkg_2023/build/mypkg/prefix_override:/home/shirakawa/mypkg_2023/install/mypkg/lib/python3.10/site-packages:${PYTHONPATH} /usr/bin/python3 setup.py egg_info --egg-base ../build/mypkg build --build-base /home/shirakawa/mypkg_2023/build/mypkg/build install --record /home/shirakawa/mypkg_2023/build/mypkg/install.log --single-version-externally-managed
